#
# There is insufficient memory for the Java Runtime Environment to continue.
# Native memory allocation (mmap) failed to map 264241152 bytes for G1 virtual space
# Possible reasons:
#   The system is out of physical RAM or swap space
#   The process is running with CompressedOops enabled, and the Java Heap may be blocking the growth of the native heap
# Possible solutions:
#   Reduce memory load on the system
#   Increase physical memory or swap space
#   Check if swap backing store is full
#   Decrease Java heap size (-Xmx/-Xms)
#   Decrease number of Java threads
#   Decrease Java thread stack sizes (-Xss)
#   Set larger code cache with -XX:ReservedCodeCacheSize=
#   JVM is running with Zero Based Compressed Oops mode in which the Java heap is
#     placed in the first 32GB address space. The Java Heap base address is the
#     maximum limit for the native heap growth. Please use -XX:HeapBaseMinAddress
#     to set the Java Heap base and to place the Java Heap above 32GB virtual address.
# This output file may be truncated or incomplete.
#
#  Out of Memory Error (os_windows.cpp:3613), pid=21860, tid=23476
#
# JRE version:  (17.0.9+9) (build )
# Java VM: OpenJDK 64-Bit Server VM (17.0.9+9, mixed mode, sharing, tiered, compressed oops, compressed class ptrs, g1 gc, windows-amd64)
# No core dump will be written. Minidumps are not enabled by default on client versions of Windows
#

---------------  S U M M A R Y ------------

Command Line: org.gradle.launcher.GradleMain -Dorg.gradle.jvmargs=-Xmx4096m --stop

Host: 11th Gen Intel(R) Core(TM) i7-1185G7 @ 3.00GHz, 8 cores, 15G,  Windows 11 , 64 bit Build 22621 (10.0.22621.4391)
Time: Sun Dec  1 12:03:49 2024 SE Asia Standard Time elapsed time: 0.009624 seconds (0d 0h 0m 0s)

---------------  T H R E A D  ---------------

Current thread (0x000001d320d4b220):  JavaThread "Unknown thread" [_thread_in_vm, id=23476, stack(0x0000009a6fe00000,0x0000009a6ff00000)]

Stack: [0x0000009a6fe00000,0x0000009a6ff00000]
Native frames: (J=compiled Java code, j=interpreted, Vv=VM code, C=native code)
V  [jvm.dll+0x67cf49]
V  [jvm.dll+0x83478a]
V  [jvm.dll+0x83624e]
V  [jvm.dll+0x8368b3]
V  [jvm.dll+0x247f1f]
V  [jvm.dll+0x679d69]
V  [jvm.dll+0x66e6ba]
V  [jvm.dll+0x307e5b]
V  [jvm.dll+0x30f306]
V  [jvm.dll+0x35f0ce]
V  [jvm.dll+0x35f2ff]
V  [jvm.dll+0x2dea58]
V  [jvm.dll+0x2df9c4]
V  [jvm.dll+0x806031]
V  [jvm.dll+0x36cf31]
V  [jvm.dll+0x7e4aac]
V  [jvm.dll+0x3f07af]
V  [jvm.dll+0x3f23e1]
C  [jli.dll+0x528f]
C  [ucrtbase.dll+0x29333]
C  [KERNEL32.DLL+0x1259d]
C  [ntdll.dll+0x5af38]


---------------  P R O C E S S  ---------------

Threads class SMR info:
_java_thread_list=0x00007ffc49feee98, length=0, elements={
}

Java Threads: ( => current thread )

Other Threads:
  0x000001d320db6880 GCTaskThread "GC Thread#0" [stack: 0x0000009a6ff00000,0x0000009a70000000] [id=7172]
  0x000001d320dc7390 ConcurrentGCThread "G1 Main Marker" [stack: 0x0000009a70000000,0x0000009a70100000] [id=18216]
  0x000001d320dc7db0 ConcurrentGCThread "G1 Conc#0" [stack: 0x0000009a70100000,0x0000009a70200000] [id=14296]

[error occurred during error reporting (printing all threads), id 0xc0000005, EXCEPTION_ACCESS_VIOLATION (0xc0000005) at pc=0x00007ffc497af497]

VM state: not at safepoint (not fully initialized)

VM Mutex/Monitor currently owned by a thread:  ([mutex/lock_event])
[0x000001d320d48810] Heap_lock - owner thread: 0x000001d320d4b220

Heap address: 0x0000000704400000, size: 4028 MB, Compressed Oops mode: Zero based, Oop shift amount: 3

CDS archive(s) mapped at: [0x0000000000000000-0x0000000000000000-0x0000000000000000), size 0, SharedBaseAddress: 0x0000000800000000, ArchiveRelocationMode: 1.
Narrow klass base: 0x0000000000000000, Narrow klass shift: 0, Narrow klass range: 0x0

GC Precious Log:
<Empty>

Heap:
 garbage-first heap   total 0K, used 0K [0x0000000704400000, 0x0000000800000000)
  region size 2048K, 0 young (0K), 0 survivors (0K)

[error occurred during error reporting (printing heap information), id 0xc0000005, EXCEPTION_ACCESS_VIOLATION (0xc0000005) at pc=0x00007ffc49b96c79]

GC Heap History (0 events):
No events

Dll operation events (1 events):
Event: 0.005 Loaded shared library C:\Program Files\Unity\Hub\Editor\6000.0.25f1\Editor\Data\PlaybackEngines\AndroidPlayer\OpenJDK\bin\java.dll

Deoptimization events (0 events):
No events

Classes unloaded (0 events):
No events

Classes redefined (0 events):
No events

Internal exceptions (0 events):
No events

VM Operations (0 events):
No events

Events (0 events):
No events


Dynamic libraries:
0x00007ff7117d0000 - 0x00007ff7117de000 	C:\Program Files\Unity\Hub\Editor\6000.0.25f1\Editor\Data\PlaybackEngines\AndroidPlayer\OpenJDK\bin\java.exe
0x00007ffcce3b0000 - 0x00007ffcce5c7000 	C:\WINDOWS\SYSTEM32\ntdll.dll
0x00007ffccd0c0000 - 0x00007ffccd184000 	C:\WINDOWS\System32\KERNEL32.DLL
0x00007ffccb850000 - 0x00007ffccbc0a000 	C:\WINDOWS\System32\KERNELBASE.dll
0x00007ffccbc40000 - 0x00007ffccbd51000 	C:\WINDOWS\System32\ucrtbase.dll
0x00007ffcc7da0000 - 0x00007ffcc7db7000 	C:\Program Files\Unity\Hub\Editor\6000.0.25f1\Editor\Data\PlaybackEngines\AndroidPlayer\OpenJDK\bin\jli.dll
0x00007ffcc7d80000 - 0x00007ffcc7d9b000 	C:\Program Files\Unity\Hub\Editor\6000.0.25f1\Editor\Data\PlaybackEngines\AndroidPlayer\OpenJDK\bin\VCRUNTIME140.dll
0x00007ffcccca0000 - 0x00007ffccce4e000 	C:\WINDOWS\System32\USER32.dll
0x00007ffccbf20000 - 0x00007ffccbf46000 	C:\WINDOWS\System32\win32u.dll
0x00007ffcb99c0000 - 0x00007ffcb9c52000 	C:\WINDOWS\WinSxS\amd64_microsoft.windows.common-controls_6595b64144ccf1df_6.0.22621.4541_none_2710d1c57384c085\COMCTL32.dll
0x00007ffcce0d0000 - 0x00007ffcce0f9000 	C:\WINDOWS\System32\GDI32.dll
0x00007ffccd540000 - 0x00007ffccd5e7000 	C:\WINDOWS\System32\msvcrt.dll
0x00007ffccbd60000 - 0x00007ffccbe7b000 	C:\WINDOWS\System32\gdi32full.dll
0x00007ffccbe80000 - 0x00007ffccbf1a000 	C:\WINDOWS\System32\msvcp_win.dll
0x00007ffcce2e0000 - 0x00007ffcce311000 	C:\WINDOWS\System32\IMM32.DLL
0x00007ffcc7d70000 - 0x00007ffcc7d7c000 	C:\Program Files\Unity\Hub\Editor\6000.0.25f1\Editor\Data\PlaybackEngines\AndroidPlayer\OpenJDK\bin\vcruntime140_1.dll
0x00007ffc8f9e0000 - 0x00007ffc8fa6d000 	C:\Program Files\Unity\Hub\Editor\6000.0.25f1\Editor\Data\PlaybackEngines\AndroidPlayer\OpenJDK\bin\msvcp140.dll
0x00007ffc494c0000 - 0x00007ffc4a121000 	C:\Program Files\Unity\Hub\Editor\6000.0.25f1\Editor\Data\PlaybackEngines\AndroidPlayer\OpenJDK\bin\server\jvm.dll
0x00007ffccc770000 - 0x00007ffccc822000 	C:\WINDOWS\System32\ADVAPI32.dll
0x00007ffccce50000 - 0x00007ffcccef7000 	C:\WINDOWS\System32\sechost.dll
0x00007ffccbc10000 - 0x00007ffccbc38000 	C:\WINDOWS\System32\bcrypt.dll
0x00007ffccc650000 - 0x00007ffccc764000 	C:\WINDOWS\System32\RPCRT4.dll
0x00007ffccb3b0000 - 0x00007ffccb3fd000 	C:\WINDOWS\SYSTEM32\POWRPROF.dll
0x00007ffcb7f70000 - 0x00007ffcb7f79000 	C:\WINDOWS\SYSTEM32\WSOCK32.dll
0x00007ffcc6e00000 - 0x00007ffcc6e34000 	C:\WINDOWS\SYSTEM32\WINMM.dll
0x00007ffccd600000 - 0x00007ffccd671000 	C:\WINDOWS\System32\WS2_32.dll
0x00007ffcc4e60000 - 0x00007ffcc4e6a000 	C:\WINDOWS\SYSTEM32\VERSION.dll
0x00007ffccb390000 - 0x00007ffccb3a3000 	C:\WINDOWS\SYSTEM32\UMPDC.dll
0x00007ffcca690000 - 0x00007ffcca6a8000 	C:\WINDOWS\SYSTEM32\kernel.appcore.dll
0x00007ffcc7d60000 - 0x00007ffcc7d6a000 	C:\Program Files\Unity\Hub\Editor\6000.0.25f1\Editor\Data\PlaybackEngines\AndroidPlayer\OpenJDK\bin\jimage.dll
0x00007ffcc8d80000 - 0x00007ffcc8fb2000 	C:\WINDOWS\SYSTEM32\DBGHELP.DLL
0x00007ffccc910000 - 0x00007ffcccc9f000 	C:\WINDOWS\System32\combase.dll
0x00007ffccc570000 - 0x00007ffccc647000 	C:\WINDOWS\System32\OLEAUT32.dll
0x00007ffc8fa70000 - 0x00007ffc8faa2000 	C:\WINDOWS\SYSTEM32\dbgcore.DLL
0x00007ffccb7d0000 - 0x00007ffccb84b000 	C:\WINDOWS\System32\bcryptPrimitives.dll
0x00007ffcba350000 - 0x00007ffcba375000 	C:\Program Files\Unity\Hub\Editor\6000.0.25f1\Editor\Data\PlaybackEngines\AndroidPlayer\OpenJDK\bin\java.dll

dbghelp: loaded successfully - version: 4.0.5 - missing functions: none
symbol engine: initialized successfully - sym options: 0x614 - pdb path: .;C:\Program Files\Unity\Hub\Editor\6000.0.25f1\Editor\Data\PlaybackEngines\AndroidPlayer\OpenJDK\bin;C:\WINDOWS\SYSTEM32;C:\WINDOWS\WinSxS\amd64_microsoft.windows.common-controls_6595b64144ccf1df_6.0.22621.4541_none_2710d1c57384c085;C:\Program Files\Unity\Hub\Editor\6000.0.25f1\Editor\Data\PlaybackEngines\AndroidPlayer\OpenJDK\bin\server

VM Arguments:
java_command: org.gradle.launcher.GradleMain -Dorg.gradle.jvmargs=-Xmx4096m --stop
java_class_path (initial): C:\Program Files\Unity\Hub\Editor\6000.0.25f1\Editor\Data\PlaybackEngines\AndroidPlayer\Tools\gradle\lib\gradle-launcher-8.4.jar
Launcher Type: SUN_STANDARD

[Global flags]
     intx CICompilerCount                          = 4                                         {product} {ergonomic}
     uint ConcGCThreads                            = 2                                         {product} {ergonomic}
     uint G1ConcRefinementThreads                  = 8                                         {product} {ergonomic}
   size_t G1HeapRegionSize                         = 2097152                                   {product} {ergonomic}
    uintx GCDrainStackTargetSize                   = 64                                        {product} {ergonomic}
   size_t InitialHeapSize                          = 264241152                                 {product} {ergonomic}
   size_t MarkStackSize                            = 4194304                                   {product} {ergonomic}
   size_t MaxHeapSize                              = 4223664128                                {product} {ergonomic}
   size_t MinHeapDeltaBytes                        = 2097152                                   {product} {ergonomic}
   size_t MinHeapSize                              = 8388608                                   {product} {ergonomic}
    uintx NonNMethodCodeHeapSize                   = 5839372                                {pd product} {ergonomic}
    uintx NonProfiledCodeHeapSize                  = 122909434                              {pd product} {ergonomic}
    uintx ProfiledCodeHeapSize                     = 122909434                              {pd product} {ergonomic}
    uintx ReservedCodeCacheSize                    = 251658240                              {pd product} {ergonomic}
     bool SegmentedCodeCache                       = true                                      {product} {ergonomic}
   size_t SoftMaxHeapSize                          = 4223664128                             {manageable} {ergonomic}
     bool UseCompressedClassPointers               = true                           {product lp64_product} {ergonomic}
     bool UseCompressedOops                        = true                           {product lp64_product} {ergonomic}
     bool UseG1GC                                  = true                                      {product} {ergonomic}
     bool UseLargePagesIndividualAllocation        = false                                  {pd product} {ergonomic}

Logging:
Log output configuration:
 #0: stdout all=warning uptime,level,tags
 #1: stderr all=off uptime,level,tags

Environment Variables:
JAVA_HOME=C:\Program Files\Unity\Hub\Editor\6000.0.25f1\Editor\Data\PlaybackEngines\AndroidPlayer\OpenJDK
PATH=C:\ActiveTcl\bin;C:\Program Files (x86)\Common Files\Oracle\Java\javapath;C:\WINDOWS\system32;C:\WINDOWS;C:\WINDOWS\System32\Wbem;C:\WINDOWS\System32\WindowsPowerShell\v1.0\;C:\WINDOWS\System32\OpenSSH\;C:\Program Files\dotnet\;C:\Program Files\Git\cmd;C:\Users\Admins\AppData\Local\Programs\Python\Python312\Scripts\;C:\Users\Admins\AppData\Local\Programs\Python\Python312\;C:\Users\Admins\AppData\Local\Microsoft\WindowsApps;C:\Users\Admins\OneDrive\Hi`nh a?nh\Máy tính\ffmpeg\bin;C:\Users\Admins\AppData\Local\GitHubDesktop\bin;C:\Users\Admins\.dotnet\tools;C:\Users\Admins\AppData\Local\Muse Hub\lib;C:\Microsoft VS Code\bin
USERNAME=Admins
OS=Windows_NT
PROCESSOR_IDENTIFIER=Intel64 Family 6 Model 140 Stepping 1, GenuineIntel
TMP=C:\Users\Admins\AppData\Local\Temp
TEMP=C:\Users\Admins\AppData\Local\Temp



Periodic native trim disabled


---------------  S Y S T E M  ---------------

OS:
 Windows 11 , 64 bit Build 22621 (10.0.22621.4391)
OS uptime: 0 days 4:36 hours
Hyper-V role detected

CPU: total 8 (initial active 8) (4 cores per cpu, 2 threads per core) family 6 model 140 stepping 1 microcode 0xb8, cx8, cmov, fxsr, ht, mmx, 3dnowpref, sse, sse2, sse3, ssse3, sse4.1, sse4.2, popcnt, lzcnt, tsc, tscinvbit, avx, avx2, aes, erms, clmul, bmi1, bmi2, adx, avx512f, avx512dq, avx512cd, avx512bw, avx512vl, sha, fma, vzeroupper, avx512_vpopcntdq, avx512_vpclmulqdq, avx512_vaes, avx512_vnni, clflush, clflushopt, clwb, avx512_vbmi2, avx512_vbmi, hv
Processor Information for all 8 processors :
  Max Mhz: 1805, Current Mhz: 1805, Mhz Limit: 1805

Memory: 4k page, system-wide physical 16110M (6281M free)
TotalPageFile size 16110M (AvailPageFile size 83M)
current process WorkingSet (physical memory assigned to process): 11M, peak: 11M
current process commit charge ("private bytes"): 60M, peak: 312M

vm_info: OpenJDK 64-Bit Server VM (17.0.9+9) for windows-amd64 JRE (17.0.9+9), built on Oct 26 2023 14:01:42 by "admin" with MS VC++ 16.10 / 16.11 (VS2019)

END.
