#
# There is insufficient memory for the Java Runtime Environment to continue.
# Native memory allocation (malloc) failed to allocate 1048576 bytes for AllocateHeap
# Possible reasons:
#   The system is out of physical RAM or swap space
#   The process is running with CompressedOops enabled, and the Java Heap may be blocking the growth of the native heap
# Possible solutions:
#   Reduce memory load on the system
#   Increase physical memory or swap space
#   Check if swap backing store is full
#   Decrease Java heap size (-Xmx/-Xms)
#   Decrease number of Java threads
#   Decrease Java thread stack sizes (-Xss)
#   Set larger code cache with -XX:ReservedCodeCacheSize=
#   JVM is running with Zero Based Compressed Oops mode in which the Java heap is
#     placed in the first 32GB address space. The Java Heap base address is the
#     maximum limit for the native heap growth. Please use -XX:HeapBaseMinAddress
#     to set the Java Heap base and to place the Java Heap above 32GB virtual address.
# This output file may be truncated or incomplete.
#
#  Out of Memory Error (allocation.cpp:44), pid=13912, tid=17676
#
# JRE version:  (17.0.9+9) (build )
# Java VM: OpenJDK 64-Bit Server VM (17.0.9+9, mixed mode, sharing, tiered, compressed oops, compressed class ptrs, g1 gc, windows-amd64)
# No core dump will be written. Minidumps are not enabled by default on client versions of Windows
#

---------------  S U M M A R Y ------------

Command Line: 

Host: 11th Gen Intel(R) Core(TM) i7-1185G7 @ 3.00GHz, 8 cores, 15G,  Windows 11 , 64 bit Build 22621 (10.0.22621.4391)
Time: Sun Nov 24 15:33:54 2024 SE Asia Standard Time elapsed time: 0.012821 seconds (0d 0h 0m 0s)

---------------  T H R E A D  ---------------

Current thread (0x0000024d1726b4b0):  JavaThread "Unknown thread" [_thread_in_vm, id=17676, stack(0x0000004d30800000,0x0000004d30900000)]

Stack: [0x0000004d30800000,0x0000004d30900000]
Native frames: (J=compiled Java code, j=interpreted, Vv=VM code, C=native code)
V  [jvm.dll+0x67cf49]
V  [jvm.dll+0x83478a]
V  [jvm.dll+0x83624e]
V  [jvm.dll+0x8368b3]
V  [jvm.dll+0x247f1f]
V  [jvm.dll+0xa6b4b]
V  [jvm.dll+0x2e7b77]
V  [jvm.dll+0x2df99b]
V  [jvm.dll+0x806031]
V  [jvm.dll+0x36cf31]
V  [jvm.dll+0x7e4aac]
V  [jvm.dll+0x3f07af]
V  [jvm.dll+0x3f23e1]
C  [jli.dll+0x528f]
C  [ucrtbase.dll+0x29333]
C  [KERNEL32.DLL+0x1259d]
C  [ntdll.dll+0x5af38]


---------------  P R O C E S S  ---------------

Threads class SMR info:
_java_thread_list=0x00007fff4041ee98, length=0, elements={
}

Java Threads: ( => current thread )

Other Threads:
  0x0000024d172d8b20 GCTaskThread "GC Thread#0" [stack: 0x0000004d30900000,0x0000004d30a00000] [id=312]

[error occurred during error reporting (printing all threads), id 0xc0000005, EXCEPTION_ACCESS_VIOLATION (0xc0000005) at pc=0x00007fff3fbdcac0]

VM state: not at safepoint (not fully initialized)

VM Mutex/Monitor currently owned by a thread:  ([mutex/lock_event])
[0x0000024d172683e0] Heap_lock - owner thread: 0x0000024d1726b4b0

Heap address: 0x0000000704400000, size: 4028 MB, Compressed Oops mode: Zero based, Oop shift amount: 3

CDS archive(s) mapped at: [0x0000000000000000-0x0000000000000000-0x0000000000000000), size 0, SharedBaseAddress: 0x0000000800000000, ArchiveRelocationMode: 1.
Narrow klass base: 0x0000000000000000, Narrow klass shift: 0, Narrow klass range: 0x0

GC Precious Log:
<Empty>

Heap:
 garbage-first heap   total 0K, used 0K [0x0000000704400000, 0x0000000800000000)
  region size 2048K, 0 young (0K), 0 survivors (0K)

[error occurred during error reporting (printing heap information), id 0xc0000005, EXCEPTION_ACCESS_VIOLATION (0xc0000005) at pc=0x00007fff3ffc6c79]

GC Heap History (0 events):
No events

Dll operation events (1 events):
Event: 0.008 Loaded shared library C:\Program Files\Unity\Hub\Editor\6000.0.25f1\Editor\Data\PlaybackEngines\AndroidPlayer\OpenJDK\bin\java.dll

Deoptimization events (0 events):
No events

Classes unloaded (0 events):
No events

Classes redefined (0 events):
No events

Internal exceptions (0 events):
No events

VM Operations (0 events):
No events

Events (0 events):
No events


Dynamic libraries:
0x00007ff654130000 - 0x00007ff65413e000 	C:\Program Files\Unity\Hub\Editor\6000.0.25f1\Editor\Data\PlaybackEngines\AndroidPlayer\OpenJDK\bin\java.exe
0x00007fffe1a30000 - 0x00007fffe1c47000 	C:\WINDOWS\SYSTEM32\ntdll.dll
0x00007fffe0d70000 - 0x00007fffe0e34000 	C:\WINDOWS\System32\KERNEL32.DLL
0x00007fffdf0f0000 - 0x00007fffdf4aa000 	C:\WINDOWS\System32\KERNELBASE.dll
0x00007fffded10000 - 0x00007fffdee21000 	C:\WINDOWS\System32\ucrtbase.dll
0x00007fffa2d10000 - 0x00007fffa2d27000 	C:\Program Files\Unity\Hub\Editor\6000.0.25f1\Editor\Data\PlaybackEngines\AndroidPlayer\OpenJDK\bin\jli.dll
0x00007fffdf760000 - 0x00007fffdf90e000 	C:\WINDOWS\System32\USER32.dll
0x00007fffa2cf0000 - 0x00007fffa2d0b000 	C:\Program Files\Unity\Hub\Editor\6000.0.25f1\Editor\Data\PlaybackEngines\AndroidPlayer\OpenJDK\bin\VCRUNTIME140.dll
0x00007fffdf020000 - 0x00007fffdf046000 	C:\WINDOWS\System32\win32u.dll
0x00007fffc7f30000 - 0x00007fffc81c2000 	C:\WINDOWS\WinSxS\amd64_microsoft.windows.common-controls_6595b64144ccf1df_6.0.22621.4541_none_2710d1c57384c085\COMCTL32.dll
0x00007fffe0690000 - 0x00007fffe06b9000 	C:\WINDOWS\System32\GDI32.dll
0x00007fffe13c0000 - 0x00007fffe1467000 	C:\WINDOWS\System32\msvcrt.dll
0x00007fffdf620000 - 0x00007fffdf73b000 	C:\WINDOWS\System32\gdi32full.dll
0x00007fffdf050000 - 0x00007fffdf0ea000 	C:\WINDOWS\System32\msvcp_win.dll
0x00007fffe19b0000 - 0x00007fffe19e1000 	C:\WINDOWS\System32\IMM32.DLL
0x00007fffa7480000 - 0x00007fffa748c000 	C:\Program Files\Unity\Hub\Editor\6000.0.25f1\Editor\Data\PlaybackEngines\AndroidPlayer\OpenJDK\bin\vcruntime140_1.dll
0x00007fffa2c60000 - 0x00007fffa2ced000 	C:\Program Files\Unity\Hub\Editor\6000.0.25f1\Editor\Data\PlaybackEngines\AndroidPlayer\OpenJDK\bin\msvcp140.dll
0x00007fff3f8f0000 - 0x00007fff40551000 	C:\Program Files\Unity\Hub\Editor\6000.0.25f1\Editor\Data\PlaybackEngines\AndroidPlayer\OpenJDK\bin\server\jvm.dll
0x00007fffe18f0000 - 0x00007fffe19a2000 	C:\WINDOWS\System32\ADVAPI32.dll
0x00007fffe05e0000 - 0x00007fffe0687000 	C:\WINDOWS\System32\sechost.dll
0x00007fffdeff0000 - 0x00007fffdf018000 	C:\WINDOWS\System32\bcrypt.dll
0x00007fffe12a0000 - 0x00007fffe13b4000 	C:\WINDOWS\System32\RPCRT4.dll
0x00007fffc3ae0000 - 0x00007fffc3ae9000 	C:\WINDOWS\SYSTEM32\WSOCK32.dll
0x00007fffda100000 - 0x00007fffda134000 	C:\WINDOWS\SYSTEM32\WINMM.dll
0x00007fffe10b0000 - 0x00007fffe1121000 	C:\WINDOWS\System32\WS2_32.dll
0x00007fffd9fe0000 - 0x00007fffd9fea000 	C:\WINDOWS\SYSTEM32\VERSION.dll
0x00007fffdea30000 - 0x00007fffdea7d000 	C:\WINDOWS\SYSTEM32\POWRPROF.dll
0x00007fffdea10000 - 0x00007fffdea23000 	C:\WINDOWS\SYSTEM32\UMPDC.dll
0x00007fffddd10000 - 0x00007fffddd28000 	C:\WINDOWS\SYSTEM32\kernel.appcore.dll
0x00007fffa2c50000 - 0x00007fffa2c5a000 	C:\Program Files\Unity\Hub\Editor\6000.0.25f1\Editor\Data\PlaybackEngines\AndroidPlayer\OpenJDK\bin\jimage.dll
0x00007fffdc5a0000 - 0x00007fffdc7d2000 	C:\WINDOWS\SYSTEM32\DBGHELP.DLL
0x00007fffe1560000 - 0x00007fffe18ef000 	C:\WINDOWS\System32\combase.dll
0x00007fffe0e40000 - 0x00007fffe0f17000 	C:\WINDOWS\System32\OLEAUT32.dll
0x00007fffa2970000 - 0x00007fffa29a2000 	C:\WINDOWS\SYSTEM32\dbgcore.DLL
0x00007fffdef70000 - 0x00007fffdefeb000 	C:\WINDOWS\System32\bcryptPrimitives.dll
0x00007fffa2c20000 - 0x00007fffa2c45000 	C:\Program Files\Unity\Hub\Editor\6000.0.25f1\Editor\Data\PlaybackEngines\AndroidPlayer\OpenJDK\bin\java.dll

dbghelp: loaded successfully - version: 4.0.5 - missing functions: none
symbol engine: initialized successfully - sym options: 0x614 - pdb path: .;C:\Program Files\Unity\Hub\Editor\6000.0.25f1\Editor\Data\PlaybackEngines\AndroidPlayer\OpenJDK\bin;C:\WINDOWS\SYSTEM32;C:\WINDOWS\WinSxS\amd64_microsoft.windows.common-controls_6595b64144ccf1df_6.0.22621.4541_none_2710d1c57384c085;C:\Program Files\Unity\Hub\Editor\6000.0.25f1\Editor\Data\PlaybackEngines\AndroidPlayer\OpenJDK\bin\server

VM Arguments:
java_command: <unknown>
java_class_path (initial): <not set>
Launcher Type: SUN_STANDARD

[Global flags]
     intx CICompilerCount                          = 4                                         {product} {ergonomic}
     uint ConcGCThreads                            = 2                                         {product} {ergonomic}
     uint G1ConcRefinementThreads                  = 8                                         {product} {ergonomic}
   size_t G1HeapRegionSize                         = 2097152                                   {product} {ergonomic}
    uintx GCDrainStackTargetSize                   = 64                                        {product} {ergonomic}
   size_t InitialHeapSize                          = 264241152                                 {product} {ergonomic}
   size_t MarkStackSize                            = 4194304                                   {product} {ergonomic}
   size_t MaxHeapSize                              = 4223664128                                {product} {ergonomic}
   size_t MinHeapDeltaBytes                        = 2097152                                   {product} {ergonomic}
   size_t MinHeapSize                              = 8388608                                   {product} {ergonomic}
    uintx NonNMethodCodeHeapSize                   = 5839372                                {pd product} {ergonomic}
    uintx NonProfiledCodeHeapSize                  = 122909434                              {pd product} {ergonomic}
    uintx ProfiledCodeHeapSize                     = 122909434                              {pd product} {ergonomic}
    uintx ReservedCodeCacheSize                    = 251658240                              {pd product} {ergonomic}
     bool SegmentedCodeCache                       = true                                      {product} {ergonomic}
   size_t SoftMaxHeapSize                          = 4223664128                             {manageable} {ergonomic}
     bool UseCompressedClassPointers               = true                           {product lp64_product} {ergonomic}
     bool UseCompressedOops                        = true                           {product lp64_product} {ergonomic}
     bool UseG1GC                                  = true                                      {product} {ergonomic}
     bool UseLargePagesIndividualAllocation        = false                                  {pd product} {ergonomic}

Logging:
Log output configuration:
 #0: stdout all=warning uptime,level,tags
 #1: stderr all=off uptime,level,tags

Environment Variables:
JAVA_HOME=C:\Program Files\Unity\Hub\Editor\6000.0.25f1\Editor\Data\PlaybackEngines\AndroidPlayer\OpenJDK
PATH=C:\ActiveTcl\bin;C:\Program Files (x86)\Common Files\Oracle\Java\javapath;C:\WINDOWS\system32;C:\WINDOWS;C:\WINDOWS\System32\Wbem;C:\WINDOWS\System32\WindowsPowerShell\v1.0\;C:\WINDOWS\System32\OpenSSH\;C:\Program Files\dotnet\;C:\Program Files\Git\cmd;C:\Users\Admins\AppData\Local\Programs\Python\Python312\Scripts\;C:\Users\Admins\AppData\Local\Programs\Python\Python312\;C:\Users\Admins\AppData\Local\Microsoft\WindowsApps;C:\Users\Admins\OneDrive\Hi`nh a?nh\Máy tính\ffmpeg\bin;C:\Users\Admins\AppData\Local\GitHubDesktop\bin;C:\Users\Admins\.dotnet\tools;C:\Users\Admins\AppData\Local\Muse Hub\lib;C:\Microsoft VS Code\bin
USERNAME=Admins
OS=Windows_NT
PROCESSOR_IDENTIFIER=Intel64 Family 6 Model 140 Stepping 1, GenuineIntel
TMP=C:\Users\Admins\AppData\Local\Temp
TEMP=C:\Users\Admins\AppData\Local\Temp



Periodic native trim disabled


---------------  S Y S T E M  ---------------

OS:
 Windows 11 , 64 bit Build 22621 (10.0.22621.4391)
OS uptime: 0 days 6:59 hours
Hyper-V role detected

CPU: total 8 (initial active 8) (4 cores per cpu, 2 threads per core) family 6 model 140 stepping 1 microcode 0xb8, cx8, cmov, fxsr, ht, mmx, 3dnowpref, sse, sse2, sse3, ssse3, sse4.1, sse4.2, popcnt, lzcnt, tsc, tscinvbit, avx, avx2, aes, erms, clmul, bmi1, bmi2, adx, avx512f, avx512dq, avx512cd, avx512bw, avx512vl, sha, fma, vzeroupper, avx512_vpopcntdq, avx512_vpclmulqdq, avx512_vaes, avx512_vnni, clflush, clflushopt, clwb, avx512_vbmi2, avx512_vbmi, hv
Processor Information for processor 0
  Max Mhz: 1805, Current Mhz: 1002, Mhz Limit: 1805
Processor Information for processor 1
  Max Mhz: 1805, Current Mhz: 1805, Mhz Limit: 1805
Processor Information for processor 2
  Max Mhz: 1805, Current Mhz: 1805, Mhz Limit: 1805
Processor Information for processor 3
  Max Mhz: 1805, Current Mhz: 1002, Mhz Limit: 1805
Processor Information for processor 4
  Max Mhz: 1805, Current Mhz: 1002, Mhz Limit: 1805
Processor Information for processor 5
  Max Mhz: 1805, Current Mhz: 1002, Mhz Limit: 1805
Processor Information for processor 6
  Max Mhz: 1805, Current Mhz: 1002, Mhz Limit: 1805
Processor Information for processor 7
  Max Mhz: 1805, Current Mhz: 1002, Mhz Limit: 1805

Memory: 4k page, system-wide physical 16110M (2474M free)
TotalPageFile size 16110M (AvailPageFile size 5M)
current process WorkingSet (physical memory assigned to process): 11M, peak: 11M
current process commit charge ("private bytes"): 54M, peak: 55M

vm_info: OpenJDK 64-Bit Server VM (17.0.9+9) for windows-amd64 JRE (17.0.9+9), built on Oct 26 2023 14:01:42 by "admin" with MS VC++ 16.10 / 16.11 (VS2019)

END.
